<!DOCTYPE html PUBLIC "-//W3C//DTD XHTML 1.1//EN" "https://www.w3.org/TR/xhtml11/DTD/xhtml11.dtd">
<html xmlns="https://www.w3.org/1999/xhtml">
<head>
<meta http-equiv="content-type" content="text/html; charset=UTF-8"/>
<title>TestNG Report</title>
<style type="text/css">table {margin-bottom:10px;border-collapse:collapse;empty-cells:show}th,td {border:1px solid #009;padding:.25em .5em}th {vertical-align:bottom}td {vertical-align:top}table a {font-weight:bold}.stripe td {background-color: #E6EBF9}.num {text-align:right}.passedodd td {background-color: #3F3}.passedeven td {background-color: #0A0}.skippedodd td {background-color: #DDD}.skippedeven td {background-color: #CCC}.failedodd td,.attn {background-color: #F33}.failedeven td,.stripe .attn {background-color: #D00}.stacktrace {white-space:pre;font-family:monospace}.totop {font-size:85%;text-align:center;border-bottom:2px solid #000}.invisible {display:none}</style>
</head>
<body>
<table>
<tr><th>Test</th><th># Passed</th><th># Skipped</th><th># Retried</th><th># Failed</th><th>Time (ms)</th><th>Included Groups</th><th>Excluded Groups</th></tr>
<tr><th colspan="8">Parallel Testing Suite</th></tr>
<tr><td><a href="#t0">Parallel Tests1</a></td><td class="num">0</td><td class="num attn">3</td><td class="num">0</td><td class="num">0</td><td class="num">991</td><td></td><td></td></tr>
<tr class="stripe"><td><a href="#t1">Parallel Tests2</a></td><td class="num">0</td><td class="num attn">3</td><td class="num">0</td><td class="num">0</td><td class="num">984</td><td></td><td></td></tr>
<tr><th>Total</th><th class="num">0</th><th class="num attn">6</th><th class="num">0</th><th class="num">0</th><th class="num">1,975</th><th colspan="2"></th></tr>
</table>
<table id='summary'><thead><tr><th>Class</th><th>Method</th><th>Start</th><th>Time (ms)</th></tr></thead><tbody><tr><th colspan="4">Parallel Testing Suite</th></tr></tbody><tbody id="t0"><tr><th colspan="4">Parallel Tests1 &#8212; failed (configuration methods)</th></tr><tr class="failedeven"><td rowspan="1">com.buffaloCartCRM.testCases.ParallelTest1</td><td><a href="#m0">setUpBrowser</a></td><td rowspan="1">1647309744409</td><td rowspan="1">-1647309744409</td></tr><tr><th colspan="4">Parallel Tests1 &#8212; skipped</th></tr><tr class="skippedeven"><td rowspan="3">com.buffaloCartCRM.testCases.ParallelTest1</td><td><a href="#m1">dashboardOpenEventTestCase</a></td><td rowspan="1">1647309745344</td><td rowspan="1">0</td></tr><tr class="skippedeven"><td><a href="#m2">dashboardOpenTasksTestCase</a></td><td rowspan="1">1647309745382</td><td rowspan="1">0</td></tr><tr class="skippedeven"><td><a href="#m3">logInTestCase</a></td><td rowspan="1">1647309745320</td><td rowspan="1">0</td></tr></tbody>
<tbody id="t1"><tr><th colspan="4">Parallel Tests2 &#8212; failed (configuration methods)</th></tr><tr class="failedeven"><td rowspan="1">com.buffaloCartCRM.testCases.ParallelTest1</td><td><a href="#m4">setUpBrowser</a></td><td rowspan="1">1647309744409</td><td rowspan="1">-1647309744409</td></tr><tr><th colspan="4">Parallel Tests2 &#8212; skipped</th></tr><tr class="skippedeven"><td rowspan="3">com.buffaloCartCRM.testCases.ParallelTest1</td><td><a href="#m5">dashboardOpenEventTestCase</a></td><td rowspan="1">1647309745343</td><td rowspan="1">0</td></tr><tr class="skippedeven"><td><a href="#m6">dashboardOpenTasksTestCase</a></td><td rowspan="1">1647309745365</td><td rowspan="1">0</td></tr><tr class="skippedeven"><td><a href="#m7">logInTestCase</a></td><td rowspan="1">1647309745320</td><td rowspan="1">0</td></tr></tbody>
</table>
<h2>Parallel Tests1</h2><h3 id="m0">com.buffaloCartCRM.testCases.ParallelTest1#setUpBrowser</h3><table class="result"><tr><th>Exception</th></tr><tr><td><div class="stacktrace">org.testng.TestNGException: 
Parameter &apos;browser&apos; is required by BeforeTest on method setUpBrowser but has not been marked @Optional or defined
in D:\Selenium Training\Selenium WebDriver Projects\BuffaloCartCRM\paralleltest.xml
	at java.base/java.util.concurrent.FutureTask.run(FutureTask.java:264)
	at java.base/java.util.concurrent.ThreadPoolExecutor.runWorker(ThreadPoolExecutor.java:1136)
	at java.base/java.util.concurrent.ThreadPoolExecutor$Worker.run(ThreadPoolExecutor.java:635)
	at java.base/java.lang.Thread.run(Thread.java:833)
... Removed 12 stack frames</div></td></tr></table><p class="totop"><a href="#summary">back to summary</a></p>
<h3 id="m1">com.buffaloCartCRM.testCases.ParallelTest1#dashboardOpenEventTestCase</h3><table class="result"><tr><th>Exception</th></tr><tr><td><div class="stacktrace">org.testng.TestNGException: 
Parameter &apos;browser&apos; is required by BeforeTest on method setUpBrowser but has not been marked @Optional or defined
in D:\Selenium Training\Selenium WebDriver Projects\BuffaloCartCRM\paralleltest.xml
	at java.base/java.util.concurrent.FutureTask.run(FutureTask.java:264)
	at java.base/java.util.concurrent.ThreadPoolExecutor.runWorker(ThreadPoolExecutor.java:1136)
	at java.base/java.util.concurrent.ThreadPoolExecutor$Worker.run(ThreadPoolExecutor.java:635)
	at java.base/java.lang.Thread.run(Thread.java:833)
... Removed 12 stack frames</div></td></tr></table><p class="totop"><a href="#summary">back to summary</a></p>
<h3 id="m2">com.buffaloCartCRM.testCases.ParallelTest1#dashboardOpenTasksTestCase</h3><table class="result"><tr><th>Exception</th></tr><tr><td><div class="stacktrace">org.testng.TestNGException: 
Parameter &apos;browser&apos; is required by BeforeTest on method setUpBrowser but has not been marked @Optional or defined
in D:\Selenium Training\Selenium WebDriver Projects\BuffaloCartCRM\paralleltest.xml
	at java.base/java.util.concurrent.FutureTask.run(FutureTask.java:264)
	at java.base/java.util.concurrent.ThreadPoolExecutor.runWorker(ThreadPoolExecutor.java:1136)
	at java.base/java.util.concurrent.ThreadPoolExecutor$Worker.run(ThreadPoolExecutor.java:635)
	at java.base/java.lang.Thread.run(Thread.java:833)
... Removed 12 stack frames</div></td></tr></table><p class="totop"><a href="#summary">back to summary</a></p>
<h3 id="m3">com.buffaloCartCRM.testCases.ParallelTest1#logInTestCase</h3><table class="result"><tr class="param"><th>Parameter #1</th><th>Parameter #2</th></tr><tr class="param stripe"><td>admin@admin.com</td><td>123456</td></tr><tr><th colspan="2">Exception</th></tr><tr><td colspan="2"><div class="stacktrace">org.testng.TestNGException: 
Parameter &apos;browser&apos; is required by BeforeTest on method setUpBrowser but has not been marked @Optional or defined
in D:\Selenium Training\Selenium WebDriver Projects\BuffaloCartCRM\paralleltest.xml
	at java.base/java.util.concurrent.FutureTask.run(FutureTask.java:264)
	at java.base/java.util.concurrent.ThreadPoolExecutor.runWorker(ThreadPoolExecutor.java:1136)
	at java.base/java.util.concurrent.ThreadPoolExecutor$Worker.run(ThreadPoolExecutor.java:635)
	at java.base/java.lang.Thread.run(Thread.java:833)
... Removed 12 stack frames</div></td></tr></table><p class="totop"><a href="#summary">back to summary</a></p>
<h2>Parallel Tests2</h2><h3 id="m4">com.buffaloCartCRM.testCases.ParallelTest1#setUpBrowser</h3><table class="result"><tr><th>Exception</th></tr><tr><td><div class="stacktrace">org.testng.TestNGException: 
Parameter &apos;browser&apos; is required by BeforeTest on method setUpBrowser but has not been marked @Optional or defined
in D:\Selenium Training\Selenium WebDriver Projects\BuffaloCartCRM\paralleltest.xml
	at java.base/java.util.concurrent.FutureTask.run(FutureTask.java:264)
	at java.base/java.util.concurrent.ThreadPoolExecutor.runWorker(ThreadPoolExecutor.java:1136)
	at java.base/java.util.concurrent.ThreadPoolExecutor$Worker.run(ThreadPoolExecutor.java:635)
	at java.base/java.lang.Thread.run(Thread.java:833)
... Removed 12 stack frames</div></td></tr></table><p class="totop"><a href="#summary">back to summary</a></p>
<h3 id="m5">com.buffaloCartCRM.testCases.ParallelTest1#dashboardOpenEventTestCase</h3><table class="result"><tr><th>Exception</th></tr><tr><td><div class="stacktrace">org.testng.TestNGException: 
Parameter &apos;browser&apos; is required by BeforeTest on method setUpBrowser but has not been marked @Optional or defined
in D:\Selenium Training\Selenium WebDriver Projects\BuffaloCartCRM\paralleltest.xml
	at java.base/java.util.concurrent.FutureTask.run(FutureTask.java:264)
	at java.base/java.util.concurrent.ThreadPoolExecutor.runWorker(ThreadPoolExecutor.java:1136)
	at java.base/java.util.concurrent.ThreadPoolExecutor$Worker.run(ThreadPoolExecutor.java:635)
	at java.base/java.lang.Thread.run(Thread.java:833)
... Removed 12 stack frames</div></td></tr></table><p class="totop"><a href="#summary">back to summary</a></p>
<h3 id="m6">com.buffaloCartCRM.testCases.ParallelTest1#dashboardOpenTasksTestCase</h3><table class="result"><tr><th>Exception</th></tr><tr><td><div class="stacktrace">org.testng.TestNGException: 
Parameter &apos;browser&apos; is required by BeforeTest on method setUpBrowser but has not been marked @Optional or defined
in D:\Selenium Training\Selenium WebDriver Projects\BuffaloCartCRM\paralleltest.xml
	at java.base/java.util.concurrent.FutureTask.run(FutureTask.java:264)
	at java.base/java.util.concurrent.ThreadPoolExecutor.runWorker(ThreadPoolExecutor.java:1136)
	at java.base/java.util.concurrent.ThreadPoolExecutor$Worker.run(ThreadPoolExecutor.java:635)
	at java.base/java.lang.Thread.run(Thread.java:833)
... Removed 12 stack frames</div></td></tr></table><p class="totop"><a href="#summary">back to summary</a></p>
<h3 id="m7">com.buffaloCartCRM.testCases.ParallelTest1#logInTestCase</h3><table class="result"><tr class="param"><th>Parameter #1</th><th>Parameter #2</th></tr><tr class="param stripe"><td>admin@admin.com</td><td>123456</td></tr><tr><th colspan="2">Exception</th></tr><tr><td colspan="2"><div class="stacktrace">org.testng.TestNGException: 
Parameter &apos;browser&apos; is required by BeforeTest on method setUpBrowser but has not been marked @Optional or defined
in D:\Selenium Training\Selenium WebDriver Projects\BuffaloCartCRM\paralleltest.xml
	at java.base/java.util.concurrent.FutureTask.run(FutureTask.java:264)
	at java.base/java.util.concurrent.ThreadPoolExecutor.runWorker(ThreadPoolExecutor.java:1136)
	at java.base/java.util.concurrent.ThreadPoolExecutor$Worker.run(ThreadPoolExecutor.java:635)
	at java.base/java.lang.Thread.run(Thread.java:833)
... Removed 12 stack frames</div></td></tr></table><p class="totop"><a href="#summary">back to summary</a></p>
</body>
</html>
