<?xml version="1.0" encoding="UTF-8"?>
<!-- Generated by org.testng.reporters.JUnitReportReporter -->
<testsuite hostname="LAPTOP-SJO5CKK2" failures="0" tests="8" name="com.buffaloCartCRM.testCases.ParallelTest1" time="-3294619392.000" errors="2" timestamp="2022-03-15T07:32:25 IST" skipped="6">
  <testcase classname="com.buffaloCartCRM.testCases.ParallelTest1" name="setUpBrowser" time="-1647309696.000">
    <error message="
Parameter &#039;browser&#039; is required by BeforeTest on method setUpBrowser but has not been marked @Optional or defined
in D:\Selenium Training\Selenium WebDriver Projects\BuffaloCartCRM\paralleltest.xml" type="org.testng.TestNGException">
      <![CDATA[org.testng.TestNGException: 
Parameter 'browser' is required by BeforeTest on method setUpBrowser but has not been marked @Optional or defined
in D:\Selenium Training\Selenium WebDriver Projects\BuffaloCartCRM\paralleltest.xml
at org.testng.internal.Parameters.createParams(Parameters.java:270)
at org.testng.internal.Parameters.createParametersForMethod(Parameters.java:358)
at org.testng.internal.Parameters.createParameters(Parameters.java:700)
at org.testng.internal.Parameters.createConfigurationParameters(Parameters.java:168)
at org.testng.internal.ConfigInvoker.invokeConfigurations(ConfigInvoker.java:302)
at org.testng.TestRunner.invokeTestConfigurations(TestRunner.java:637)
at org.testng.TestRunner.beforeRun(TestRunner.java:627)
at org.testng.TestRunner.run(TestRunner.java:589)
at org.testng.SuiteRunner.runTest(SuiteRunner.java:377)
at org.testng.SuiteRunner.access$000(SuiteRunner.java:28)
at org.testng.SuiteRunner$SuiteWorker.run(SuiteRunner.java:418)
at org.testng.internal.thread.ThreadUtil.lambda$execute$0(ThreadUtil.java:64)
at java.base/java.util.concurrent.FutureTask.run(FutureTask.java:264)
at java.base/java.util.concurrent.ThreadPoolExecutor.runWorker(ThreadPoolExecutor.java:1136)
at java.base/java.util.concurrent.ThreadPoolExecutor$Worker.run(ThreadPoolExecutor.java:635)
at java.base/java.lang.Thread.run(Thread.java:833)
]]>
    </error>
  </testcase> <!-- setUpBrowser -->
  <system-out/>
  <testcase classname="com.buffaloCartCRM.testCases.ParallelTest1" name="setUpBrowser" time="-1647309696.000">
    <error message="
Parameter &#039;browser&#039; is required by BeforeTest on method setUpBrowser but has not been marked @Optional or defined
in D:\Selenium Training\Selenium WebDriver Projects\BuffaloCartCRM\paralleltest.xml" type="org.testng.TestNGException">
      <![CDATA[org.testng.TestNGException: 
Parameter 'browser' is required by BeforeTest on method setUpBrowser but has not been marked @Optional or defined
in D:\Selenium Training\Selenium WebDriver Projects\BuffaloCartCRM\paralleltest.xml
at org.testng.internal.Parameters.createParams(Parameters.java:270)
at org.testng.internal.Parameters.createParametersForMethod(Parameters.java:358)
at org.testng.internal.Parameters.createParameters(Parameters.java:700)
at org.testng.internal.Parameters.createConfigurationParameters(Parameters.java:168)
at org.testng.internal.ConfigInvoker.invokeConfigurations(ConfigInvoker.java:302)
at org.testng.TestRunner.invokeTestConfigurations(TestRunner.java:637)
at org.testng.TestRunner.beforeRun(TestRunner.java:627)
at org.testng.TestRunner.run(TestRunner.java:589)
at org.testng.SuiteRunner.runTest(SuiteRunner.java:377)
at org.testng.SuiteRunner.access$000(SuiteRunner.java:28)
at org.testng.SuiteRunner$SuiteWorker.run(SuiteRunner.java:418)
at org.testng.internal.thread.ThreadUtil.lambda$execute$0(ThreadUtil.java:64)
at java.base/java.util.concurrent.FutureTask.run(FutureTask.java:264)
at java.base/java.util.concurrent.ThreadPoolExecutor.runWorker(ThreadPoolExecutor.java:1136)
at java.base/java.util.concurrent.ThreadPoolExecutor$Worker.run(ThreadPoolExecutor.java:635)
at java.base/java.lang.Thread.run(Thread.java:833)
]]>
    </error>
  </testcase> <!-- setUpBrowser -->
  <system-out/>
  <testcase classname="com.buffaloCartCRM.testCases.ParallelTest1" name="logInTestCase" time="0.000">
    <skipped/>
  </testcase> <!-- logInTestCase -->
  <system-out/>
  <testcase classname="com.buffaloCartCRM.testCases.ParallelTest1" name="logInTestCase" time="0.000">
    <skipped/>
  </testcase> <!-- logInTestCase -->
  <system-out/>
  <testcase classname="com.buffaloCartCRM.testCases.ParallelTest1" name="dashboardOpenEventTestCase" time="0.000">
    <skipped/>
  </testcase> <!-- dashboardOpenEventTestCase -->
  <system-out/>
  <testcase classname="com.buffaloCartCRM.testCases.ParallelTest1" name="dashboardOpenEventTestCase" time="0.000">
    <skipped/>
  </testcase> <!-- dashboardOpenEventTestCase -->
  <system-out/>
  <testcase classname="com.buffaloCartCRM.testCases.ParallelTest1" name="dashboardOpenTasksTestCase" time="0.000">
    <skipped/>
  </testcase> <!-- dashboardOpenTasksTestCase -->
  <system-out/>
  <testcase classname="com.buffaloCartCRM.testCases.ParallelTest1" name="dashboardOpenTasksTestCase" time="0.000">
    <skipped/>
  </testcase> <!-- dashboardOpenTasksTestCase -->
  <system-out/>
</testsuite> <!-- com.buffaloCartCRM.testCases.ParallelTest1 -->
